
=== Thu May 23 14:03:05 2019

Packages were changed.
Update Mode: mergeDefaultDependencies

The following packages were updated:
  com.unity.analytics from version 3.2.2 to 3.3.2
  com.unity.collab-proxy from version 1.2.9 to 1.2.16
  com.unity.package-manager-ui from version 2.1.1 to 2.1.2
  com.unity.purchasing from version 2.0.1 to 2.0.6
  com.unity.textmeshpro from version 1.3.0 to 2.0.0
  com.unity.timeline from version 0.0.0-builtin to 1.0.0

=== Tue Oct 12 17:36:16 2021

Packages were changed.
Update Mode: updateDependencies

The following packages were added:
  com.unity.2d.sprite@1.0.0
  com.unity.2d.tilemap@1.0.0
  com.unity.ide.rider@1.1.4
  com.unity.ide.vscode@1.2.3
  com.unity.modules.androidjni@1.0.0
  com.unity.test-framework@1.1.20
  com.unity.ugui@1.0.0
The following packages were updated:
  com.unity.ads from version 2.3.1 to 3.6.1
  com.unity.analytics from version 3.3.2 to 3.3.5
  com.unity.multiplayer-hlapi from version 1.0.2 to 1.0.8
  com.unity.postprocessing from version 2.1.4 to 2.2.2
  com.unity.purchasing from version 2.0.6 to 2.2.1
  com.unity.textmeshpro from version 2.0.0 to 2.0.1
  com.unity.timeline from version 1.0.0 to 1.2.6
  com.unity.xr.legacyinputhelpers from version 2.0.2 to 2.1.7
The following packages were removed:
  com.unity.package-manager-ui@2.1.2
